0 info it worked if it ends with ok
1 verbose cli [ '/usr/local/Cellar/node/6.2.0/bin/node',
1 verbose cli   '/usr/local/bin/npm',
1 verbose cli   'start' ]
2 info using npm@3.8.9
3 info using node@v6.2.0
4 verbose run-script [ 'prestart', 'start', 'poststart' ]
5 info lifecycle vaani.server@0.0.1~prestart: vaani.server@0.0.1
6 silly lifecycle vaani.server@0.0.1~prestart: no script for prestart, continuing
7 info lifecycle vaani.server@0.0.1~start: vaani.server@0.0.1
8 verbose lifecycle vaani.server@0.0.1~start: unsafe-perm in lifecycle true
9 verbose lifecycle vaani.server@0.0.1~start: PATH: /usr/local/lib/node_modules/npm/bin/node-gyp-bin:/Users/tilman/vaani/vaani.server/node_modules/.bin:/usr/local/Cellar/node/6.2.0/bin:/Users/tilman/bin:/usr/local/bin:/usr/bin:/bin:/usr/sbin:/sbin
10 verbose lifecycle vaani.server@0.0.1~start: CWD: /Users/tilman/vaani/vaani.server
11 silly lifecycle vaani.server@0.0.1~start: Args: [ '-c', 'run' ]
12 info lifecycle vaani.server@0.0.1~start: Failed to exec start script
13 verbose stack Error: vaani.server@0.0.1 start: `run`
13 verbose stack spawn ENOENT
13 verbose stack     at ChildProcess.<anonymous> (/usr/local/lib/node_modules/npm/lib/utils/spawn.js:17:16)
13 verbose stack     at emitTwo (events.js:106:13)
13 verbose stack     at ChildProcess.emit (events.js:191:7)
13 verbose stack     at maybeClose (internal/child_process.js:850:16)
13 verbose stack     at Process.ChildProcess._handle.onexit (internal/child_process.js:215:5)
14 verbose pkgid vaani.server@0.0.1
15 verbose cwd /Users/tilman/vaani/vaani.server
16 error Darwin 15.5.0
17 error argv "/usr/local/Cellar/node/6.2.0/bin/node" "/usr/local/bin/npm" "start"
18 error node v6.2.0
19 error npm  v3.8.9
20 error file sh
21 error code ELIFECYCLE
22 error errno ENOENT
23 error syscall spawn
24 error vaani.server@0.0.1 start: `run`
24 error spawn ENOENT
25 error Failed at the vaani.server@0.0.1 start script 'run'.
25 error Make sure you have the latest version of node.js and npm installed.
25 error If you do, this is most likely a problem with the vaani.server package,
25 error not with npm itself.
25 error Tell the author that this fails on your system:
25 error     run
25 error You can get information on how to open an issue for this project with:
25 error     npm bugs vaani.server
25 error Or if that isn't available, you can get their info via:
25 error     npm owner ls vaani.server
25 error There is likely additional logging output above.
26 verbose exit [ 1, true ]
